<?xml version="1.0" encoding="UTF-8" ?>
<testsuite tests="2" failures="0" name="hellocucumber.RunCucumberTest" time="0.099" errors="0" skipped="1">
  <properties>
[...]
</properties>
  <testcase classname="Is it Friday yet?" name="Sunday isn&apos;t Friday" time="0.077"/>
  <testcase classname="Is it Friday yet?" name="Friday is Friday" time="0.022">
    <skipped/>
    <system-out>
Scenario: Friday is Friday           &amp;#27;[90m# hellocucumber/is_it_friday_yet.feature:9&amp;#27;[0m
  &amp;#27;[33mGiven &amp;#27;[0m&amp;#27;[33mtoday is Friday&amp;#27;[0m              &amp;#27;[90m# null&amp;#27;[0m
  &amp;#27;[36mWhen &amp;#27;[0m&amp;#27;[36mI ask whether it&apos;s Friday yet&amp;#27;[0m &amp;#27;[90m# hellocucumber.StepDefinitions.i_ask_whether_it_s_Friday_yet()&amp;#27;[0m
  &amp;#27;[36mThen &amp;#27;[0m&amp;#27;[36mI should be told &amp;#27;[0m&amp;#27;[36m&amp;#27;[1m&quot;TGIF&quot;&amp;#27;[0m       &amp;#27;[90m# hellocucumber.StepDefinitions.i_should_be_told(java.lang.String)&amp;#27;[0m
</system-out>
  </testcase>
</testsuite>